[2024-11-29 14:05:53] [::1] [admin] [Logout] 
[2024-11-29 14:06:01] [::1] [admin] [Login] Success
[2024-11-29 14:06:03] [::1] [admin] [Update Premium Reset] Success
[2024-11-29 14:06:07] [::1] [admin] [Update Premium Reset] Success
[2024-11-29 14:06:10] [::1] [admin] [Logout] 
[2024-11-29 14:06:13] [::1] [gabri] [Login] Success
[2024-11-29 14:06:23] [::1] [gabri] [Logout] 
[2024-11-30 13:15:27] [::1] [gabri] [Login] Success
[2024-11-30 13:15:46] [::1] [gabri] [Logout] 
[2024-11-30 13:18:06] [::1] [gabri] [Login] Success
[2024-11-30 13:18:24] [::1] [gabri] [Logout] 
[2024-11-30 13:24:43] [::1] [gabri] [Login] Success
[2024-11-30 13:25:38] [::1] [gabri] [Logout] 
[2024-11-30 13:25:44] [::1] [gabri] [Login] Success
[2024-11-30 13:26:05] [::1] [gabri] [Logout] 
[2024-12-05 13:22:16] [::1] [admin] [Login] Insuccess - incorrect credentials
[2024-12-06 18:40:57] [::1] [admin] [Login] Success
[2024-12-06 18:47:23] [::1] [admin] [Logout] 
[2024-12-06 18:47:37] [::1] [admin] [Login] Success
[2024-12-06 18:50:20] [::1] [admin] [Logout] 
[2024-12-06 18:50:33] [::1] [admin] [Login] Insuccess - incorrect credentials
[2024-12-06 18:50:42] [::1] [admin] [Login] Success
[2024-12-06 18:52:29] [::1] [admin] [Update Premium] Insuccess - invalid token
[2024-12-06 18:54:44] [::1] [admin] [Update Premium Reset] Success
[2024-12-06 18:54:52] [::1] [admin] [Update Premium Reset] Success
[2024-12-06 18:55:41] [::1] [admin] [Logout] 
[2024-12-06 19:35:27] [::1] [] [Request PSW Reset] Insuccess - expired timestamp
[2024-12-07 11:51:40] [::1] [] [Request PSW Reset] Insuccess - expired timestamp
[2024-12-07 11:51:43] [::1] [] [Request PSW Reset] Insuccess - expired timestamp
[2024-12-08 14:59:23] [::1] [] [PSW Reset] Insuccess - missing credentials
[2024-12-08 15:00:02] [::1] [] [PSW Reset] Insuccess - invalid or expired token
[2024-12-08 15:02:05] [::1] [] [PSW Reset] Insuccess - invalid or expired token
[2024-12-08 15:43:34] [::1] [] [PSW Reset] Insuccess - expired timestamp
[2024-12-08 15:44:29] [::1] [] [PSW Reset] Insuccess - expired timestamp
[2024-12-08 15:44:39] [::1] [] [PSW Reset] Insuccess - invalid or expired token
[2024-12-08 15:46:53] [::1] [] [PSW Reset] Insuccess - invalid or expired token
[2024-12-08 15:51:04] [::1] [Array] [PSW Reset] Success
[2024-12-08 15:51:26] [::1] [gabri] [Login] Insuccess - incorrect credentials
[2024-12-08 15:55:09] [::1] [gabri00] [Register] Success
[2024-12-08 15:55:25] [::1] [gabri00] [Register] Insuccess - username or email already in use
[2024-12-08 15:56:49] [::1] [gabri00] [Register] Success
[2024-12-08 15:59:01] [::1] [gabri00] [Register] Success
[2024-12-08 16:02:34] [::1] [gabri00] [Register] Success
[2024-12-08 16:03:09] [::1] [gabri00] [Login] Success
[2024-12-08 16:03:13] [::1] [gabri00] [Logout] 
[2024-12-08 16:06:44] [::1] [Array] [PSW Reset] Success
[2024-12-08 16:07:16] [::1] [gabri] [Login] Insuccess - incorrect credentials
[2024-12-08 16:07:48] [::1] [gabri00] [Login] Insuccess - incorrect credentials
[2024-12-08 16:11:11] [::1] [] [PSW Reset] Insuccess - invalid or expired token
[2024-12-08 16:14:56] [::1] [gabri00] [PSW Reset] Success
[2024-12-08 16:15:22] [::1] [gabri00] [Login] Success
[2024-12-08 16:15:25] [::1] [gabri00] [Logout] 
[2024-12-08 16:21:03] [::1] [gabri00] [PSW Reset] Success
[2024-12-12 10:35:50] [::1] [admin] [Login] Success
[2024-12-12 10:35:58] [::1] [admin] [Logout] 
[2024-12-12 10:36:08] [::1] [gabri] [Login] Insuccess - incorrect credentials
[2024-12-12 10:37:08] [::1] [gabri] [Register] Success
[2024-12-12 10:37:22] [::1] [gabri] [Login] Success
[2024-12-12 10:38:25] [::1] [] [Insert LG Novel] Insuccess - exceeded the maximum file size
[2024-12-12 10:38:42] [::1] [gabri] [Logout] 
[2024-12-12 10:38:52] [::1] [gabri] [Login] Success
[2024-12-12 10:40:57] [::1] [gabri] [Logout] 
[2024-12-12 10:47:18] [::1] [gabri0] [Register] Insuccess - invalid input data
[2024-12-12 10:48:26] [::1] [simo] [Register] Insuccess - invalid input data
[2024-12-13 09:12:00] [::1] [gabri] [Register] Insuccess - invalid input data
[2024-12-13 09:13:39] [::1] [gabri] [Register] Insuccess - invalid input data
[2024-12-13 09:14:31] [::1] [gabri] [Register] Insuccess - invalid input data
[2024-12-13 09:16:01] [::1] [gabri] [Login] Insuccess - incorrect password matching
[2024-12-13 09:16:51] [::1] [gabri] [Register] Insuccess - username or email already in use
[2024-12-13 09:18:18] [::1] [gabri] [Register] Insuccess - invalid input data
[2024-12-13 09:19:39] [::1] [gabri] [Register] Insuccess - invalid input data
[2024-12-13 09:19:49] [::1] [gabri] [Register] Insuccess - invalid input data
[2024-12-13 09:24:25] [::1] [gabri] [Register] Insuccess - username or email already in use
[2024-12-13 09:24:37] [::1] [gabri] [Register] Insuccess - username or email already in use
[2024-12-13 09:24:49] [::1] [gabri] [Register] Insuccess - username or email already in use
[2024-12-13 09:25:04] [::1] [] [Register] Insuccess - too many tries
[2024-12-13 09:29:25] [::1] [gabri0] [Register] Success
[2024-12-13 09:34:03] [::1] [gabri0] [Register] Success
[2024-12-13 09:34:20] [::1] [gabri] [Register] Insuccess - username or email already in use
[2024-12-13 09:50:18] [::1] [gabri] [Login] Insuccess - incorrect credentials
[2024-12-13 09:50:45] [::1] [gabri] [Login] Success
[2024-12-13 09:52:39] [::1] [gabri] [Logout] 
[2024-12-13 09:53:00] [::1] [simo] [Register] Success
[2024-12-13 09:53:10] [::1] [simo] [Login] Success
[2024-12-13 09:53:15] [::1] [simo] [Logout] 
[2024-12-13 09:53:25] [::1] [admin] [Login] Success
[2024-12-13 09:53:26] [::1] [admin] [Update Premium Reset] Success
[2024-12-13 09:53:29] [::1] [admin] [Logout] 
[2024-12-13 09:53:37] [::1] [simo] [Login] Success
[2024-12-13 09:54:07] [::1] [] [Insert LG Novel] Insuccess - exceeded the maximum file size
[2024-12-13 09:54:15] [::1] [] [Insert LG Novel] Insuccess - exceeded the maximum file size
[2024-12-13 09:54:29] [::1] [] [Insert LG Novel] Success - long novel uploaded successfully
[2024-12-13 09:55:02] [::1] [simo] [Logout] 
[2024-12-13 09:55:08] [::1] [gabri] [Login] Insuccess - incorrect credentials
[2024-12-13 09:55:14] [::1] [gabri] [Login] Success
[2024-12-13 09:55:47] [::1] [] [Insert LG Novel] Success - long novel uploaded successfully
[2024-12-13 09:56:08] [::1] [] [Insert LG Novel] Success - long novel uploaded successfully
[2024-12-13 09:56:20] [::1] [gabri] [Logout] 
[2024-12-13 09:56:26] [::1] [simo] [Login] Success
[2024-12-13 09:56:58] [::1] [simo] [Logout] 
[2024-12-13 09:57:17] [::1] [gabri] [Login] Success
[2024-12-13 09:57:35] [::1] [gabri] [Logout] 
[2024-12-13 09:57:43] [::1] [simo] [Login] Success
[2024-12-13 10:02:25] [::1] [simo] [Logout] 
[2024-12-13 10:02:28] [::1] [gabri] [Login] Insuccess - incorrect credentials
[2024-12-13 10:02:46] [::1] [admin] [Login] Insuccess - incorrect credentials
[2024-12-13 10:03:25] [::1] [admin] [Register] Success
[2024-12-13 10:03:33] [::1] [admin] [Login] Success
[2024-12-13 10:03:36] [::1] [admin] [Update Premium Reset] Success
[2024-12-13 10:03:57] [::1] [admin] [Logout] 
[2024-12-13 10:04:04] [::1] [simo] [Login] Success
[2024-12-13 10:04:11] [::1] [simo] [Logout] 
[2024-12-13 10:04:15] [::1] [gabri] [Login] Insuccess - incorrect credentials
[2024-12-13 10:04:22] [::1] [gabri] [Login] Success
[2024-12-13 10:09:54] [::1] [gabri] [Logout] 
[2024-12-13 10:10:07] [::1] [admin] [Login] Success
[2024-12-13 10:13:10] [::1] [admin] [Logout] 
[2024-12-13 10:23:26] [::1] [gabri] [PSW Reset] Success
[2024-12-13 10:24:13] [::1] [Array] [PSW Reset] Insuccess - error in updating password, same password
[2024-12-13 10:30:02] [::1] [Array] [PSW Reset] Insuccess - error in updating password, same password
[2024-12-13 10:30:47] [::1] [Array] [PSW Reset] Insuccess - error in updating password, same password
[2024-12-13 10:38:23] [::1] [Array] [PSW Reset] Insuccess - error in updating password, same password
[2024-12-13 10:41:00] [::1] [Array] [PSW Reset] Insuccess - error in updating password, same password
[2024-12-13 10:43:11] [::1] [Array] [PSW Reset] Insuccess - error in updating password, same password
[2024-12-13 10:43:59] [::1] [Array] [PSW Reset] Insuccess - error in updating password, same password
[2024-12-13 10:44:22] [::1] [gabri] [PSW Reset] Success
[2024-12-13 10:44:32] [::1] [gabri] [Login] Success
[2024-12-13 10:45:56] [::1] [gabri] [Logout] 
[2024-12-13 10:46:01] [::1] [admin] [Login] Success
[2024-12-13 10:56:20] [::1] [admin] [Logout] 
[2024-12-13 10:58:09] [::1] [gabri] [Login] Success
[2024-12-13 10:58:15] [::1] [gabri] [Logout] 
[2024-12-13 11:00:58] [::1] [gabri] [Login] Insuccess - incorrect credentials
[2024-12-13 11:01:05] [::1] [gabri] [Login] Success
[2024-12-13 11:01:08] [::1] [gabri] [Logout] 
[2025-01-05 11:42:42] [::1] [gabri] [PSW Reset] Success
[2025-01-05 11:42:48] [::1] [gabri] [Login] Success
[2025-01-05 11:42:50] [::1] [gabri] [Logout] 
[2025-01-05 11:43:12] [::1] [gabri] [Login] Success
[2025-01-05 11:43:49] [::1] [gabri] [Logout] 
[2025-01-05 11:44:22] [::1] [simo] [Register] Success
[2025-01-05 11:44:34] [::1] [simo] [Login] Success
[2025-01-05 11:45:01] [::1] [simo] [Logout] 
[2025-01-05 11:45:08] [::1] [admin] [Login] Insuccess - incorrect credentials
[2025-01-05 11:45:25] [::1] [admin] [Login] Insuccess - incorrect credentials
[2025-01-05 11:46:23] [::1] [admin] [Register] Success
[2025-01-05 11:46:31] [::1] [admin] [Login] Success
[2025-01-05 11:46:43] [::1] [admin] [Delete novel] Insuccess - permission denied
[2025-01-05 11:49:25] [::1] [admin] [Logout] 
[2025-01-05 11:49:36] [::1] [gabri] [Login] Success
[2025-01-05 11:50:39] [::1] [gabri] [Logout] 
[2025-01-05 11:50:50] [::1] [simo] [Login] Success
[2025-01-05 11:51:20] [::1] [simo] [Logout] 
[2025-01-05 11:51:29] [::1] [admin] [Login] Success
[2025-01-05 11:51:38] [::1] [admin] [Update Premium Reset] Success
[2025-01-05 11:51:39] [::1] [admin] [Update Premium Reset] Success
[2025-01-05 11:51:47] [::1] [admin] [Update Premium Reset] Success
[2025-01-05 11:51:49] [::1] [admin] [Update Premium Reset] Success
[2025-01-05 12:00:48] [::1] [] [Register] Insuccess - captcha failed
[2025-01-05 12:15:18] [::1] [] [Register] Insuccess - captcha failed
[2025-01-05 12:15:28] [::1] [gabri] [Login] Success
[2025-01-05 12:16:11] [::1] [gabri] [Logout] 
[2025-01-05 12:22:40] [::1] [gabri] [Login] Success
[2025-01-05 12:27:45] [::1] [gabri] [Logout] 
[2025-01-05 12:27:53] [::1] [] [Register] Insuccess - captcha failed
[2025-01-05 12:28:02] [::1] [admin] [Login] Success
[2025-01-05 12:30:39] [::1] [admin] [Logout] 
[2025-01-05 12:33:25] [::1] [gabri] [Login] Success
[2025-01-05 12:49:46] [::1] [gabri] [Logout] 
[2025-01-05 12:50:17] [::1] [gabri] [Login] Success
[2025-01-05 12:56:31] [::1] [gabri] [Logout] 
[2025-01-05 12:57:20] [::1] [gabri] [Login] Success
[2025-01-05 13:03:15] [::1] [gabri] [Logout] 
[2025-01-05 13:03:33] [::1] [gabri] [Login] Success
[2025-01-05 13:05:25] [::1] [gabri] [Logout] 
[2025-01-05 13:05:35] [::1] [] [Register] Insuccess - captcha failed
[2025-01-05 13:05:45] [::1] [gabri] [Login] Success
[2025-01-05 13:08:24] [::1] [gabri] [Logout] 
[2025-01-05 13:08:59] [::1] [gabri] [Login] Insuccess - incorrect credentials
[2025-01-05 13:09:05] [::1] [gabri] [Login] Success
[2025-01-05 13:11:14] [::1] [gabri] [Logout] 
[2025-01-05 13:11:21] [::1] [gabri] [Login] Success
[2025-01-05 13:11:39] [::1] [gabri] [Logout] 
[2025-01-05 13:11:46] [::1] [gabri] [Login] Success
[2025-01-05 13:21:03] [::1] [gabri] [Logout] 
[2025-01-05 13:21:09] [::1] [gabri] [Login] Success
[2025-01-05 13:22:54] [::1] [gabri] [Logout] 
[2025-01-05 13:23:00] [::1] [gabri] [Login] Success
[2025-01-05 13:26:15] [::1] [gabri] [Logout] 
[2025-01-05 13:28:26] [::1] [gabri] [Login] Success
[2025-01-05 13:30:11] [::1] [gabri] [Logout] 
[2025-01-05 13:30:21] [::1] [gabri] [Login] Success
[2025-01-05 13:33:15] [::1] [gabri] [Logout] 
[2025-01-05 13:33:21] [::1] [gabri] [Login] Success
[2025-01-05 13:34:42] [::1] [gabri] [Login] Insuccess - incorrect credentials
[2025-01-05 13:34:46] [::1] [] [Login] Insuccess - invalid token
[2025-01-05 13:34:52] [::1] [gabri] [Login] Success
[2025-01-05 13:37:02] [::1] [gabri] [Logout] 
[2025-01-05 13:37:10] [::1] [gabri] [Login] Success
[2025-01-05 13:40:55] [::1] [gabri] [Logout] 
[2025-01-05 13:41:56] [::1] [gabri] [Login] Success
[2025-01-05 15:06:30] [::1] [gabri] [Login] Success
[2025-01-05 15:07:23] [::1] [gabri] [Logout] 
[2025-01-05 15:07:34] [::1] [simo] [Login] Success
[2025-01-05 15:07:56] [::1] [] [Insert LG Novel] Insuccess - exceeded the maximum file size
[2025-01-05 15:08:03] [::1] [] [Insert LG Novel] Success - long novel uploaded successfully
[2025-01-05 15:08:57] [::1] [simo] [Logout] 
[2025-01-05 15:09:04] [::1] [gabri] [Login] Success
[2025-01-05 15:09:28] [::1] [gabri] [Logout] 
[2025-01-05 15:09:37] [::1] [admin] [Login] Success
[2025-01-05 15:09:54] [::1] [admin] [Logout] 
[2025-01-05 15:09:59] [::1] [gabri] [Login] Success
[2025-01-05 15:10:02] [::1] [gabri] [Logout] 
[2025-01-05 15:10:08] [::1] [simo] [Login] Success
[2025-01-05 15:10:14] [::1] [simo] [Logout] 
[2025-01-10 08:27:52] [::1] [] [Register] Insuccess - captcha failed
[2025-01-10 08:28:06] [::1] [gabri] [Register] Insuccess - username or email already in use
[2025-01-10 08:29:01] [::1] [gabri] [Register] Success
[2025-01-10 08:29:33] [::1] [simo] [Register] Success
[2025-01-10 08:29:46] [::1] [] [Login] Insuccess - captcha failed
[2025-01-10 08:29:56] [::1] [gabri] [Login] Success
[2025-01-10 08:30:38] [::1] [gabri] [Logout] 
[2025-01-10 08:30:57] [::1] [admin] [Login] Success
[2025-01-10 08:31:08] [::1] [admin] [Update Premium Reset] Success
[2025-01-10 08:31:10] [::1] [admin] [Update Premium Reset] Success
[2025-01-10 08:31:17] [::1] [admin] [Logout] 
[2025-01-10 08:31:31] [::1] [simo] [Login] Success
[2025-01-10 08:32:12] [::1] [] [Insert LG Novel] Insuccess - exceeded the maximum file size
[2025-01-10 08:32:19] [::1] [] [Insert LG Novel] Success - long novel uploaded successfully
[2025-01-10 08:32:28] [::1] [simo] [Logout] 
[2025-01-10 08:32:36] [::1] [gabri] [Login] Success
[2025-01-10 08:33:56] [::1] [gabri] [Logout] 
[2025-01-10 08:34:32] [::1] [gabri] [Login] Success
[2025-01-10 08:34:51] [::1] [gabri] [Logout] 
[2025-01-10 08:35:03] [::1] [gabri] [Login] Success
[2025-01-10 08:35:15] [::1] [gabri] [Logout] 
[2025-01-10 08:35:22] [::1] [gabri] [Login] Insuccess - incorrect credentials
[2025-01-10 08:36:42] [::1] [Array] [PSW Reset] Insuccess - error in updating password, same password
[2025-01-10 08:36:54] [::1] [gabri] [PSW Reset] Success
[2025-01-10 08:37:04] [::1] [gabri] [Login] Success
[2025-01-10 08:37:06] [::1] [gabri] [Logout] 
[2025-01-10 08:37:15] [::1] [] [Login] Insuccess - captcha failed
[2025-01-10 08:37:24] [::1] [admin] [Login] Success
[2025-01-10 08:37:31] [::1] [admin] [Logout] 
[2025-01-10 08:37:44] [::1] [simo] [Login] Success
[2025-01-10 08:40:17] [::1] [simo] [Logout] 
[2025-01-10 09:35:16] [::1] [] [Register] Insuccess - captcha failed
[2025-01-10 09:35:45] [::1] [gabri] [Register] Success
[2025-01-10 09:36:34] [::1] [simo] [Register] Success
[2025-01-10 09:38:08] [::1] [gabri] [Login] Success
[2025-01-10 09:40:39] [::1] [gabri] [Logout] 
[2025-01-10 09:40:47] [::1] [gabri] [Login] Insuccess - incorrect credentials
[2025-01-10 09:45:40] [::1] [gabri] [PSW Reset] Success
[2025-01-10 09:47:53] [::1] [gabri] [Login] Success
[2025-01-10 09:48:31] [::1] [gabri] [Logout] 
[2025-01-10 09:48:43] [::1] [admin] [Login] Success
[2025-01-10 09:48:55] [::1] [admin] [Update Premium Reset] Success
[2025-01-10 09:48:58] [::1] [admin] [Update Premium Reset] Success
[2025-01-10 09:50:27] [::1] [admin] [Logout] 
[2025-01-10 09:50:39] [::1] [gabri] [Login] Insuccess - incorrect credentials
[2025-01-10 09:50:47] [::1] [gabri] [Login] Success
[2025-01-10 09:51:58] [::1] [gabri] [Logout] 
[2025-01-10 09:52:23] [::1] [simo] [Login] Success
[2025-01-10 10:00:20] [::1] [] [Insert LG Novel] Insuccess - exceeded the maximum file size
[2025-01-10 10:00:28] [::1] [] [Insert LG Novel] Success - long novel uploaded successfully
[2025-01-10 10:01:37] [::1] [simo] [Logout] 
[2025-01-10 10:02:04] [::1] [gabri] [Login] Success
[2025-01-10 10:03:23] [::1] [gabri] [Logout] 
[2025-01-10 10:03:50] [::1] [simo] [Login] Success
[2025-01-10 10:04:27] [::1] [] [Insert LG Novel] Success - long novel uploaded successfully
[2025-01-10 10:04:44] [::1] [simo] [Logout] 
[2025-01-10 10:04:54] [::1] [gabri] [Login] Insuccess - incorrect credentials
[2025-01-10 10:05:00] [::1] [gabri] [Login] Success
[2025-01-10 10:38:20] [::1] [gabri] [Logout] 
[2025-01-10 10:38:31] [::1] [gabri] [Login] Success
[2025-01-10 10:38:43] [::1] [gabri] [Logout] 
[2025-01-10 10:38:49] [::1] [admin] [Login] Success
[2025-01-10 10:39:38] [::1] [admin] [Logout] 
[2025-01-10 10:39:46] [::1] [admin] [Login] Insuccess - incorrect credentials
[2025-01-10 10:39:52] [::1] [admin] [Login] Success
[2025-01-10 10:40:14] [::1] [admin] [Logout] 
[2025-01-10 10:40:22] [::1] [gabri] [Login] Success
[2025-01-10 10:45:46] [::1] [gabri] [Logout] 
[2025-01-10 10:45:54] [::1] [simo] [Login] Success
[2025-01-10 10:45:58] [::1] [simo] [Logout] 
[2025-01-10 10:46:27] [::1] [gabri] [Login] Success
[2025-01-10 10:46:47] [::1] [gabri] [Logout] 
[2025-01-10 10:47:01] [::1] [admin] [Login] Success
[2025-01-10 10:47:05] [::1] [admin] [Update Premium] Insuccess - not admin
[2025-01-10 10:47:07] [::1] [admin] [Update Premium] Insuccess - not admin
[2025-01-10 10:47:12] [::1] [admin] [Update Premium] Insuccess - not admin
[2025-01-10 10:47:47] [::1] [admin] [Update Premium Reset] Success
[2025-01-10 10:47:49] [::1] [admin] [Update Premium Reset] Success
[2025-01-10 10:48:00] [::1] [admin] [Logout] 
[2025-01-10 10:48:09] [::1] [simo] [Login] Success
[2025-01-10 10:54:34] [::1] [simo] [Logout] 
[2025-01-10 10:54:42] [::1] [admin] [Login] Success
[2025-01-10 10:54:50] [::1] [admin] [Update Premium Reset] Success
[2025-01-10 10:55:09] [::1] [admin] [Update Premium Reset] Success
[2025-01-10 11:03:55] [::1] [admin] [Logout] 
[2025-01-10 11:04:03] [::1] [gabri] [Login] Success
[2025-01-10 11:04:29] [::1] [gabri] [Logout] 
[2025-01-10 11:04:38] [::1] [simo] [Login] Success
[2025-01-10 11:15:49] [::1] [simo] [Logout] 
[2025-01-10 11:15:55] [::1] [gabri] [Login] Insuccess - incorrect credentials
[2025-01-10 11:16:16] [::1] [gabri] [Login] Insuccess - incorrect credentials
[2025-01-10 11:16:22] [::1] [gabri] [Login] Success
[2025-01-10 11:16:24] [::1] [gabri] [Logout] 
[2025-01-10 11:16:29] [::1] [gabri] [Login] Insuccess - incorrect credentials
[2025-01-10 11:16:33] [::1] [gabri] [Login] Insuccess - incorrect credentials
[2025-01-10 11:16:40] [::1] [gabri] [Login] Insuccess - incorrect credentials
[2025-01-10 11:16:44] [::1] [::1] [Login] Insuccess - too many tries
